{"level":"info","message":"🚀 GraphQL service ready at http://localhost:5000/graphql"}
{"level":"info","message":"🚀 GraphQL service ready at http://localhost:5000/graphql"}
{"level":"info","message":"🚀 GraphQL service ready at http://localhost:5000/graphql"}
{"level":"info","message":"🚀 GraphQL service ready at http://localhost:5000/graphql"}
{"level":"info","message":"🚀 GraphQL service ready at http://localhost:5000/graphql"}
{"level":"info","message":"🚀 GraphQL service ready at http://localhost:5000/graphql"}
{"level":"info","message":"🚀 GraphQL service ready at http://localhost:5000/graphql"}
{"level":"info","message":"🚀 GraphQL service ready at http://localhost:5000/graphql"}
{"level":"info","message":"🚀 GraphQL service ready at http://localhost:5000/graphql"}
{"level":"info","message":"🚀 GraphQL service ready at http://localhost:5000/graphql"}
{"level":"info","message":"🚀 GraphQL service ready at http://localhost:5000/graphql"}
{"level":"info","message":"🚀 GraphQL service ready at http://localhost:5000/graphql"}
{"level":"info","message":"🚀 GraphQL service ready at http://localhost:5000/graphql"}
{"level":"info","message":"🚀 GraphQL service ready at http://localhost:5000/graphql"}
{"level":"info","message":"🚀 GraphQL service ready at http://localhost:5000/graphql"}
{"level":"info","message":"🚀 GraphQL service ready at http://localhost:5000/graphql"}
{"level":"info","message":"🚀 GraphQL service ready at http://localhost:5000/graphql"}
{"level":"info","message":"🚀 GraphQL service ready at http://localhost:5000/graphql"}
{"level":"info","message":"🚀 GraphQL service ready at http://localhost:5000/graphql"}
{"level":"info","message":"🚀 GraphQL service ready at http://localhost:5000/graphql"}
{"level":"info","message":"🚀 GraphQL service ready at http://localhost:5000/graphql"}
{"level":"info","message":"🚀 GraphQL service ready at http://localhost:5000/graphql"}
{"level":"info","message":"🚀 GraphQL service ready at http://localhost:5000/graphql"}
{"level":"info","message":"🚀 GraphQL service ready at http://localhost:5000/graphql"}
{"level":"info","message":"🚀 GraphQL service ready at http://localhost:5000/graphql"}
{"level":"info","message":"🚀 GraphQL service ready at http://localhost:5000/graphql"}
{"level":"info","message":"🚀 GraphQL service ready at http://localhost:5000/graphql"}
{"level":"info","message":"🚀 GraphQL service ready at http://localhost:5000/graphql"}
{"level":"info","message":"🚀 GraphQL service ready at http://localhost:5000/graphql"}
{"level":"info","message":"🚀 GraphQL service ready at http://localhost:5000/graphql"}
{"level":"info","message":"🚀 GraphQL service ready at http://localhost:5000/graphql"}
{"level":"info","message":"🚀 GraphQL service ready at http://localhost:5000/graphql"}
{"level":"info","message":"🚀 GraphQL service ready at http://localhost:5000/graphql"}
{"level":"info","message":"🚀 GraphQL service ready at http://localhost:5000/graphql"}
{"level":"info","message":"🚀 GraphQL service ready at http://localhost:5000/graphql"}
{"level":"info","message":"🚀 GraphQL service ready at http://localhost:5000/graphql"}
{"level":"info","message":"🚀 GraphQL service ready at http://localhost:5000/graphql"}
{"level":"info","message":"🚀 GraphQL service ready at http://localhost:5000/graphql"}
{"level":"info","message":"🚀 GraphQL service ready at http://localhost:5000/graphql"}
{"level":"info","message":"🚀 GraphQL service ready at http://localhost:5000/graphql"}
{"level":"info","message":"🚀 GraphQL service ready at http://localhost:5000/graphql"}
{"level":"info","message":"🚀 GraphQL service ready at http://localhost:5000/graphql"}
{"level":"info","message":"🚀 GraphQL service ready at http://localhost:5000/graphql"}
{"level":"info","message":"🚀 GraphQL service ready at http://localhost:5000/graphql"}
{"level":"info","message":"🚀 GraphQL service ready at http://localhost:5000/graphql"}
{"level":"info","message":"🚀 GraphQL service ready at http://localhost:5000/graphql"}
{"level":"info","message":"🚀 GraphQL service ready at http://localhost:5000/graphql"}
{"level":"info","message":"🚀 GraphQL service ready at http://localhost:5000/graphql"}
{"level":"error","message":"An error ocurrred on deleteProduct mutation: Product does not exists"}
{"level":"info","message":"🚀 GraphQL service ready at http://localhost:5000/graphql"}
{"level":"info","message":"🚀 GraphQL service ready at http://localhost:5000/graphql"}
{"level":"error","message":"An error ocurrred on deleteProduct mutation: Product does not exists"}
{"level":"info","message":"🚀 GraphQL service ready at http://localhost:5000/graphql"}
{"level":"info","message":"🚀 GraphQL service ready at http://localhost:5000/graphql"}
{"level":"info","message":"🚀 GraphQL service ready at http://localhost:5000/graphql"}
{"level":"info","message":"🚀 GraphQL service ready at http://localhost:5000/graphql"}
{"level":"info","message":"🚀 GraphQL service ready at http://localhost:5000/graphql"}
{"level":"info","message":"🚀 GraphQL service ready at http://localhost:5000/graphql"}
{"level":"info","message":"🚀 GraphQL service ready at http://localhost:5000/graphql"}
{"level":"info","message":"🚀 GraphQL service ready at http://localhost:5000/graphql"}
{"level":"info","message":"🚀 GraphQL service ready at http://localhost:5000/graphql"}
{"level":"info","message":"🚀 GraphQL service ready at http://localhost:5000/graphql"}
{"level":"info","message":"🚀 GraphQL service ready at http://localhost:5000/graphql"}
{"level":"info","message":"🚀 GraphQL service ready at http://localhost:5000/graphql"}
{"level":"info","message":"🚀 GraphQL service ready at http://localhost:5000/graphql"}
{"level":"info","message":"🚀 GraphQL service ready at http://localhost:5000/graphql"}
{"level":"info","message":"🚀 GraphQL service ready at http://localhost:5000/graphql"}
{"level":"info","message":"🚀 GraphQL service ready at http://localhost:5000/graphql"}
{"level":"info","message":"🚀 GraphQL service ready at http://localhost:5000/graphql"}
{"level":"info","message":"🚀 GraphQL service ready at http://localhost:5000/graphql"}
{"level":"info","message":"🚀 GraphQL service ready at http://localhost:5000/graphql"}
{"level":"info","message":"🚀 GraphQL service ready at http://localhost:5000/graphql"}
{"level":"info","message":"🚀 GraphQL service ready at http://localhost:5000/graphql"}
{"level":"info","message":"🚀 GraphQL service ready at http://localhost:5000/graphql"}
{"level":"info","message":"🚀 GraphQL service ready at http://localhost:5000/graphql"}
{"level":"info","message":"🚀 GraphQL service ready at http://localhost:5000/graphql"}
{"level":"info","message":"🚀 GraphQL service ready at http://localhost:5000/graphql"}
{"level":"info","message":"🚀 GraphQL service ready at http://localhost:5000/graphql"}
{"level":"info","message":"🚀 GraphQL service ready at http://localhost:5000/graphql"}
{"level":"info","message":"🚀 GraphQL service ready at http://localhost:5000/graphql"}
{"level":"info","message":"🚀 GraphQL service ready at http://localhost:5000/graphql"}
{"level":"info","message":"🚀 GraphQL service ready at http://localhost:5000/graphql"}
{"level":"info","message":"🚀 GraphQL service ready at http://localhost:5000/graphql"}
{"level":"info","message":"🚀 GraphQL service ready at http://localhost:5000/graphql"}
{"level":"info","message":"🚀 GraphQL service ready at http://localhost:5000/graphql"}
{"level":"info","message":"🚀 GraphQL service ready at http://localhost:5000/graphql"}
{"level":"info","message":"🚀 GraphQL service ready at http://localhost:5000/graphql"}
{"level":"info","message":"🚀 GraphQL service ready at http://localhost:5000/graphql"}
{"level":"info","message":"🚀 GraphQL service ready at http://localhost:5000/graphql"}
{"level":"info","message":"🚀 GraphQL service ready at http://localhost:5000/graphql"}
{"level":"info","message":"🚀 GraphQL service ready at http://localhost:5000/graphql"}
{"level":"info","message":"🚀 GraphQL service ready at http://localhost:5000/graphql"}
{"level":"info","message":"🚀 GraphQL service ready at http://localhost:5000/graphql"}
{"level":"info","message":"🚀 GraphQL service ready at http://localhost:5000/graphql"}
{"level":"info","message":"🚀 GraphQL service ready at http://localhost:5000/graphql"}
{"level":"info","message":"🚀 GraphQL service ready at http://localhost:5000/graphql"}
{"level":"info","message":"🚀 GraphQL service ready at http://localhost:5000/graphql"}
{"level":"info","message":"🚀 GraphQL service ready at http://localhost:5000/graphql"}
{"level":"info","message":"🚀 GraphQL service ready at http://localhost:5000/graphql"}
{"level":"info","message":"🚀 GraphQL service ready at http://localhost:5000/graphql"}
{"level":"info","message":"🚀 GraphQL service ready at http://localhost:5000/graphql"}
{"level":"info","message":"🚀 GraphQL service ready at http://localhost:5000/graphql"}
{"level":"info","message":"🚀 GraphQL service ready at http://localhost:5000/graphql"}
{"header":{"accept":"*/*","accept-encoding":"gzip, deflate, br","accept-language":"es-419,es","connection":"keep-alive","content-length":"498","content-type":"application/json","host":"localhost:5000","origin":"http://localhost:5000","referer":"http://localhost:5000/graphql","sec-fetch-dest":"empty","sec-fetch-mode":"cors","sec-fetch-site":"same-origin","sec-gpc":"1","user-agent":"Mozilla/5.0 (Windows NT 10.0; Win64; x64) AppleWebKit/537.36 (KHTML, like Gecko) Chrome/107.0.0.0 Safari/537.36"},"level":"info","message":"request","operationName":"login","query":"mutation login {\n  login(email: \"18170313@itculiacan.edu.mx\", password: \"12sdfg6\") {\n    id\n    name\n    lastLoginDate\n    profileUrl\n    email\n    token\n  }\n}\n\nmutation register {\n  register(\n    email: \"18170312@itculiacan.edu.mx\"\n    password: \"18170312\"\n    name: \"Daniel\"\n    cellphone: \"6721131115\"\n    lastname: \"Tec\"\n  ) {\n    id\n    name\n    lastLoginDate\n    profileUrl\n    email\n    token\n  }\n}\n","variables":{}}
{"header":{"accept":"*/*","accept-encoding":"gzip, deflate, br","accept-language":"es-419,es","authorization":"Bearer eyJhbGciOiJIUzI1NiIsInR5cCI6IkpXVCJ9.eyJpZCI6MywiZW1haWwiOiIxODE3MDMxM0BpdGN1bGlhY2FuLmVkdS5teCIsIm5hbWUiOiJBbmkgVGVjIiwiaWF0IjoxNjcwNDY1OTYxLCJleHAiOjE2NzA1NTIzNjF9.AW8CsdLitVU_JBYLIzKTNgHM7hgX8tQiZO4eNYsF1Kw","connection":"keep-alive","content-length":"836","content-type":"application/json","host":"localhost:5000","origin":"http://localhost:5000","referer":"http://localhost:5000/graphql","sec-fetch-dest":"empty","sec-fetch-mode":"cors","sec-fetch-site":"same-origin","sec-gpc":"1","user-agent":"Mozilla/5.0 (Windows NT 10.0; Win64; x64) AppleWebKit/537.36 (KHTML, like Gecko) Chrome/107.0.0.0 Safari/537.36"},"level":"info","message":"request","operationName":"getAllProducts","query":"query getProductById {\n  singleProduct(id: 5) {\n    id\n    name\n    brand\n    price\n  }\n}\n\nquery getProductsByName {\n  getProductsByName(name: \"nuevo\") {\n    id\n    name\n    brand\n    price\n  }\n}\n\nquery getAllProducts {\n  getAllProducts {\n    id\n    name\n    brand\n    price\n  }\n}\n\nmutation createProduct {\n  createProduct(name: \"plumas y lapices multicolor\", price: 70, brand: \"Bic\") {\n    id\n    name\n    brand\n    price\n  }\n}\n\nmutation deteleProduct {\n  deleteProduct(id: 9) {\n    id\n    name\n    brand\n    price\n  }\n}\n\nmutation updateProduct {\n  updateProduct(\n    id: 3\n    newName: \"Paquete de 10 lapices numero 2\"\n    newPrice: 45\n    newBrand: \"Norma\"\n  ) {\n    id\n    name\n    brand\n    price\n  }\n}\n","variables":{}}
{"header":{"accept":"*/*","accept-encoding":"gzip, deflate, br","accept-language":"es-419,es","authorization":"Bearer eyJhbGciOiJIUzI1NiIsInR5cCI6IkpXVCJ9.eyJpZCI6MywiZW1haWwiOiIxODE3MDMxM0BpdGN1bGlhY2FuLmVkdS5teCIsIm5hbWUiOiJBbmkgVGVjIiwiaWF0IjoxNjcwNDY1OTYxLCJleHAiOjE2NzA1NTIzNjF9.AW8CsdLitVU_JBYLIzKTNgHM7hgX8tQiZO4eNYsF1Kw","connection":"keep-alive","content-length":"836","content-type":"application/json","host":"localhost:5000","origin":"http://localhost:5000","referer":"http://localhost:5000/graphql","sec-fetch-dest":"empty","sec-fetch-mode":"cors","sec-fetch-site":"same-origin","sec-gpc":"1","user-agent":"Mozilla/5.0 (Windows NT 10.0; Win64; x64) AppleWebKit/537.36 (KHTML, like Gecko) Chrome/107.0.0.0 Safari/537.36"},"level":"info","message":"request","operationName":"getAllProducts","query":"query getProductById {\n  singleProduct(id: 5) {\n    id\n    name\n    brand\n    price\n  }\n}\n\nquery getProductsByName {\n  getProductsByName(name: \"nuevo\") {\n    id\n    name\n    brand\n    price\n  }\n}\n\nquery getAllProducts {\n  getAllProducts {\n    id\n    name\n    brand\n    price\n  }\n}\n\nmutation createProduct {\n  createProduct(name: \"plumas y lapices multicolor\", price: 70, brand: \"Bic\") {\n    id\n    name\n    brand\n    price\n  }\n}\n\nmutation deteleProduct {\n  deleteProduct(id: 9) {\n    id\n    name\n    brand\n    price\n  }\n}\n\nmutation updateProduct {\n  updateProduct(\n    id: 3\n    newName: \"Paquete de 10 lapices numero 2\"\n    newPrice: 45\n    newBrand: \"Norma\"\n  ) {\n    id\n    name\n    brand\n    price\n  }\n}\n","variables":{}}
{"header":{"accept":"*/*","accept-encoding":"gzip, deflate, br","accept-language":"es-419,es","authorization":"Bearer eyJhbGciOiJIUzI1NiIsInR5cCI6IkpXVCJ9.eyJpZCI6MywiZW1haWwiOiIxODE3MDMxM0BpdGN1bGlhY2FuLmVkdS5teCIsIm5hbWUiOiJBbmkgVGVjIiwiaWF0IjoxNjcwMzc2NjMxLCJleHAiOjE2NzA0NjMwMzF9.g7y9ncoCiZm-govgwLTmBzdFKia7I8CHRQyGyqTVLbU","connection":"keep-alive","content-length":"166","content-type":"application/json","host":"localhost:5000","origin":"http://localhost:3000","referer":"http://localhost:3000/","sec-fetch-dest":"empty","sec-fetch-mode":"cors","sec-fetch-site":"same-site","sec-gpc":"1","user-agent":"Mozilla/5.0 (Windows NT 10.0; Win64; x64) AppleWebKit/537.36 (KHTML, like Gecko) Chrome/107.0.0.0 Safari/537.36"},"level":"info","message":"request","operationName":"getAllProducts","query":"query getAllProducts {\n  getAllProducts {\n    id\n    name\n    brand\n    price\n    __typename\n  }\n}","variables":{}}
{"header":{"accept":"*/*","accept-encoding":"gzip, deflate, br","accept-language":"es-419,es","authorization":"Bearer eyJhbGciOiJIUzI1NiIsInR5cCI6IkpXVCJ9.eyJpZCI6MywiZW1haWwiOiIxODE3MDMxM0BpdGN1bGlhY2FuLmVkdS5teCIsIm5hbWUiOiJBbmkgVGVjIiwiaWF0IjoxNjcwNDY1OTYxLCJleHAiOjE2NzA1NTIzNjF9.AW8CsdLitVU_JBYLIzKTNgHM7hgX8tQiZO4eNYsF1Kw","connection":"keep-alive","content-length":"166","content-type":"application/json","host":"localhost:5000","origin":"http://localhost:3000","referer":"http://localhost:3000/","sec-fetch-dest":"empty","sec-fetch-mode":"cors","sec-fetch-site":"same-site","sec-gpc":"1","user-agent":"Mozilla/5.0 (Windows NT 10.0; Win64; x64) AppleWebKit/537.36 (KHTML, like Gecko) Chrome/107.0.0.0 Safari/537.36"},"level":"info","message":"request","operationName":"getAllProducts","query":"query getAllProducts {\n  getAllProducts {\n    id\n    name\n    brand\n    price\n    __typename\n  }\n}","variables":{}}
{"header":{"accept":"*/*","accept-encoding":"gzip, deflate, br","accept-language":"es-419,es","authorization":"Bearer eyJhbGciOiJIUzI1NiIsInR5cCI6IkpXVCJ9.eyJpZCI6MywiZW1haWwiOiIxODE3MDMxM0BpdGN1bGlhY2FuLmVkdS5teCIsIm5hbWUiOiJBbmkgVGVjIiwiaWF0IjoxNjcwNDY1OTYxLCJleHAiOjE2NzA1NTIzNjF9.AW8CsdLitVU_JBYLIzKTNgHM7hgX8tQiZO4eNYsF1Kw","connection":"keep-alive","content-length":"836","content-type":"application/json","host":"localhost:5000","origin":"http://localhost:5000","referer":"http://localhost:5000/graphql","sec-fetch-dest":"empty","sec-fetch-mode":"cors","sec-fetch-site":"same-origin","sec-gpc":"1","user-agent":"Mozilla/5.0 (Windows NT 10.0; Win64; x64) AppleWebKit/537.36 (KHTML, like Gecko) Chrome/107.0.0.0 Safari/537.36"},"level":"info","message":"request","operationName":"getAllProducts","query":"query getProductById {\n  singleProduct(id: 5) {\n    id\n    name\n    brand\n    price\n  }\n}\n\nquery getProductsByName {\n  getProductsByName(name: \"nuevo\") {\n    id\n    name\n    brand\n    price\n  }\n}\n\nquery getAllProducts {\n  getAllProducts {\n    id\n    name\n    brand\n    price\n  }\n}\n\nmutation createProduct {\n  createProduct(name: \"plumas y lapices multicolor\", price: 70, brand: \"Bic\") {\n    id\n    name\n    brand\n    price\n  }\n}\n\nmutation deteleProduct {\n  deleteProduct(id: 9) {\n    id\n    name\n    brand\n    price\n  }\n}\n\nmutation updateProduct {\n  updateProduct(\n    id: 3\n    newName: \"Paquete de 10 lapices numero 2\"\n    newPrice: 45\n    newBrand: \"Norma\"\n  ) {\n    id\n    name\n    brand\n    price\n  }\n}\n","variables":{}}
{"level":"info","message":"🚀 GraphQL service ready at http://localhost:5000/graphql"}
{"level":"info","message":"🚀 GraphQL service ready at http://localhost:5000/graphql"}
{"level":"info","message":"🚀 GraphQL service ready at http://localhost:5000/graphql"}
{"header":{"accept":"*/*","accept-encoding":"gzip, deflate, br","accept-language":"es-419,es","authorization":"Bearer eyJhbGciOiJIUzI1NiIsInR5cCI6IkpXVCJ9.eyJpZCI6MywiZW1haWwiOiIxODE3MDMxM0BpdGN1bGlhY2FuLmVkdS5teCIsIm5hbWUiOiJBbmkgVGVjIiwiaWF0IjoxNjcwNDY1OTYxLCJleHAiOjE2NzA1NTIzNjF9.AW8CsdLitVU_JBYLIzKTNgHM7hgX8tQiZO4eNYsF1Kw","connection":"keep-alive","content-length":"836","content-type":"application/json","host":"localhost:5000","origin":"http://localhost:5000","referer":"http://localhost:5000/graphql","sec-fetch-dest":"empty","sec-fetch-mode":"cors","sec-fetch-site":"same-origin","sec-gpc":"1","user-agent":"Mozilla/5.0 (Windows NT 10.0; Win64; x64) AppleWebKit/537.36 (KHTML, like Gecko) Chrome/107.0.0.0 Safari/537.36"},"level":"info","message":"request","operationName":"getAllProducts","query":"query getProductById {\n  singleProduct(id: 5) {\n    id\n    name\n    brand\n    price\n  }\n}\n\nquery getProductsByName {\n  getProductsByName(name: \"nuevo\") {\n    id\n    name\n    brand\n    price\n  }\n}\n\nquery getAllProducts {\n  getAllProducts {\n    id\n    name\n    brand\n    price\n  }\n}\n\nmutation createProduct {\n  createProduct(name: \"plumas y lapices multicolor\", price: 70, brand: \"Bic\") {\n    id\n    name\n    brand\n    price\n  }\n}\n\nmutation deteleProduct {\n  deleteProduct(id: 9) {\n    id\n    name\n    brand\n    price\n  }\n}\n\nmutation updateProduct {\n  updateProduct(\n    id: 3\n    newName: \"Paquete de 10 lapices numero 2\"\n    newPrice: 45\n    newBrand: \"Norma\"\n  ) {\n    id\n    name\n    brand\n    price\n  }\n}\n","variables":{}}
{"header":{"accept":"*/*","accept-encoding":"gzip, deflate, br","accept-language":"es-419,es","authorization":"Bearer eyJhbGciOiJIUzI1NiIsInR5cCI6IkpXVCJ9.eyJpZCI6MywiZW1haWwiOiIxODE3MDMxM0BpdGN1bGlhY2FuLmVkdS5teCIsIm5hbWUiOiJBbmkgVGVjIiwiaWF0IjoxNjcwNDY1OTYxLCJleHAiOjE2NzA1NTIzNjF9.AW8CsdLitVU_JBYLIzKTNgHM7hgX8tQiZO4eNYsF1Kw","connection":"keep-alive","content-length":"836","content-type":"application/json","host":"localhost:5000","origin":"http://localhost:5000","referer":"http://localhost:5000/graphql","sec-fetch-dest":"empty","sec-fetch-mode":"cors","sec-fetch-site":"same-origin","sec-gpc":"1","user-agent":"Mozilla/5.0 (Windows NT 10.0; Win64; x64) AppleWebKit/537.36 (KHTML, like Gecko) Chrome/107.0.0.0 Safari/537.36"},"level":"info","message":"request","operationName":"getAllProducts","query":"query getProductById {\n  singleProduct(id: 5) {\n    id\n    name\n    brand\n    price\n  }\n}\n\nquery getProductsByName {\n  getProductsByName(name: \"nuevo\") {\n    id\n    name\n    brand\n    price\n  }\n}\n\nquery getAllProducts {\n  getAllProducts {\n    id\n    name\n    brand\n    price\n  }\n}\n\nmutation createProduct {\n  createProduct(name: \"plumas y lapices multicolor\", price: 70, brand: \"Bic\") {\n    id\n    name\n    brand\n    price\n  }\n}\n\nmutation deteleProduct {\n  deleteProduct(id: 9) {\n    id\n    name\n    brand\n    price\n  }\n}\n\nmutation updateProduct {\n  updateProduct(\n    id: 3\n    newName: \"Paquete de 10 lapices numero 2\"\n    newPrice: 45\n    newBrand: \"Norma\"\n  ) {\n    id\n    name\n    brand\n    price\n  }\n}\n","variables":{}}
{"level":"info","message":"🚀 GraphQL service ready at http://localhost:5000/graphql"}
{"header":{"accept":"*/*","accept-encoding":"gzip, deflate, br","accept-language":"es-419,es","authorization":"Bearer eyJhbGciOiJIUzI1NiIsInR5cCI6IkpXVCJ9.eyJpZCI6MywiZW1haWwiOiIxODE3MDMxM0BpdGN1bGlhY2FuLmVkdS5teCIsIm5hbWUiOiJBbmkgVGVjIiwiaWF0IjoxNjcwNDY1OTYxLCJleHAiOjE2NzA1NTIzNjF9.AW8CsdLitVU_JBYLIzKTNgHM7hgX8tQiZO4eNYsF1Kw","connection":"keep-alive","content-length":"836","content-type":"application/json","host":"localhost:5000","origin":"http://localhost:5000","referer":"http://localhost:5000/graphql","sec-fetch-dest":"empty","sec-fetch-mode":"cors","sec-fetch-site":"same-origin","sec-gpc":"1","user-agent":"Mozilla/5.0 (Windows NT 10.0; Win64; x64) AppleWebKit/537.36 (KHTML, like Gecko) Chrome/107.0.0.0 Safari/537.36"},"level":"info","message":"request","operationName":"getAllProducts","query":"query getProductById {\n  singleProduct(id: 5) {\n    id\n    name\n    brand\n    price\n  }\n}\n\nquery getProductsByName {\n  getProductsByName(name: \"nuevo\") {\n    id\n    name\n    brand\n    price\n  }\n}\n\nquery getAllProducts {\n  getAllProducts {\n    id\n    name\n    brand\n    price\n  }\n}\n\nmutation createProduct {\n  createProduct(name: \"plumas y lapices multicolor\", price: 70, brand: \"Bic\") {\n    id\n    name\n    brand\n    price\n  }\n}\n\nmutation deteleProduct {\n  deleteProduct(id: 9) {\n    id\n    name\n    brand\n    price\n  }\n}\n\nmutation updateProduct {\n  updateProduct(\n    id: 3\n    newName: \"Paquete de 10 lapices numero 2\"\n    newPrice: 45\n    newBrand: \"Norma\"\n  ) {\n    id\n    name\n    brand\n    price\n  }\n}\n","variables":{}}
{"level":"info","message":"🚀 GraphQL service ready at http://localhost:5000/graphql"}
{"header":{"accept":"*/*","accept-encoding":"gzip, deflate, br","accept-language":"es-419,es","authorization":"Bearer eyJhbGciOiJIUzI1NiIsInR5cCI6IkpXVCJ9.eyJpZCI6MywiZW1haWwiOiIxODE3MDMxM0BpdGN1bGlhY2FuLmVkdS5teCIsIm5hbWUiOiJBbmkgVGVjIiwiaWF0IjoxNjcwNDY1OTYxLCJleHAiOjE2NzA1NTIzNjF9.AW8CsdLitVU_JBYLIzKTNgHM7hgX8tQiZO4eNYsF1Kw","connection":"keep-alive","content-length":"836","content-type":"application/json","host":"localhost:5000","origin":"http://localhost:5000","referer":"http://localhost:5000/graphql","sec-fetch-dest":"empty","sec-fetch-mode":"cors","sec-fetch-site":"same-origin","sec-gpc":"1","user-agent":"Mozilla/5.0 (Windows NT 10.0; Win64; x64) AppleWebKit/537.36 (KHTML, like Gecko) Chrome/107.0.0.0 Safari/537.36"},"level":"info","message":"request","operationName":"getAllProducts","query":"query getProductById {\n  singleProduct(id: 5) {\n    id\n    name\n    brand\n    price\n  }\n}\n\nquery getProductsByName {\n  getProductsByName(name: \"nuevo\") {\n    id\n    name\n    brand\n    price\n  }\n}\n\nquery getAllProducts {\n  getAllProducts {\n    id\n    name\n    brand\n    price\n  }\n}\n\nmutation createProduct {\n  createProduct(name: \"plumas y lapices multicolor\", price: 70, brand: \"Bic\") {\n    id\n    name\n    brand\n    price\n  }\n}\n\nmutation deteleProduct {\n  deleteProduct(id: 9) {\n    id\n    name\n    brand\n    price\n  }\n}\n\nmutation updateProduct {\n  updateProduct(\n    id: 3\n    newName: \"Paquete de 10 lapices numero 2\"\n    newPrice: 45\n    newBrand: \"Norma\"\n  ) {\n    id\n    name\n    brand\n    price\n  }\n}\n","variables":{}}
{"level":"info","message":"🚀 GraphQL service ready at http://localhost:5000/graphql"}
{"level":"info","message":"🚀 GraphQL service ready at http://localhost:5000/graphql"}
{"header":{"accept":"*/*","accept-encoding":"gzip, deflate, br","accept-language":"es-419,es","authorization":"Bearer eyJhbGciOiJIUzI1NiIsInR5cCI6IkpXVCJ9.eyJpZCI6MywiZW1haWwiOiIxODE3MDMxM0BpdGN1bGlhY2FuLmVkdS5teCIsIm5hbWUiOiJBbmkgVGVjIiwiaWF0IjoxNjcwNDY1OTYxLCJleHAiOjE2NzA1NTIzNjF9.AW8CsdLitVU_JBYLIzKTNgHM7hgX8tQiZO4eNYsF1Kw","connection":"keep-alive","content-length":"836","content-type":"application/json","host":"localhost:5000","origin":"http://localhost:5000","referer":"http://localhost:5000/graphql","sec-fetch-dest":"empty","sec-fetch-mode":"cors","sec-fetch-site":"same-origin","sec-gpc":"1","user-agent":"Mozilla/5.0 (Windows NT 10.0; Win64; x64) AppleWebKit/537.36 (KHTML, like Gecko) Chrome/107.0.0.0 Safari/537.36"},"level":"info","message":"request","operationName":"getAllProducts","query":"query getProductById {\n  singleProduct(id: 5) {\n    id\n    name\n    brand\n    price\n  }\n}\n\nquery getProductsByName {\n  getProductsByName(name: \"nuevo\") {\n    id\n    name\n    brand\n    price\n  }\n}\n\nquery getAllProducts {\n  getAllProducts {\n    id\n    name\n    brand\n    price\n  }\n}\n\nmutation createProduct {\n  createProduct(name: \"plumas y lapices multicolor\", price: 70, brand: \"Bic\") {\n    id\n    name\n    brand\n    price\n  }\n}\n\nmutation deteleProduct {\n  deleteProduct(id: 9) {\n    id\n    name\n    brand\n    price\n  }\n}\n\nmutation updateProduct {\n  updateProduct(\n    id: 3\n    newName: \"Paquete de 10 lapices numero 2\"\n    newPrice: 45\n    newBrand: \"Norma\"\n  ) {\n    id\n    name\n    brand\n    price\n  }\n}\n","variables":{}}
{"header":{"accept":"*/*","accept-encoding":"gzip, deflate, br","accept-language":"es-419,es","authorization":"Bearer eyJhbGciOiJIUzI1NiIsInR5cCI6IkpXVCJ9.eyJpZCI6MywiZW1haWwiOiIxODE3MDMxM0BpdGN1bGlhY2FuLmVkdS5teCIsIm5hbWUiOiJBbmkgVGVjIiwiaWF0IjoxNjcwNDY1OTYxLCJleHAiOjE2NzA1NTIzNjF9.AW8CsdLitVU_JBYLIzKTNgHM7hgX8tQiZO4eNYsF1Kw","connection":"keep-alive","content-length":"939","content-type":"application/json","host":"localhost:5000","origin":"http://localhost:5000","referer":"http://localhost:5000/graphql","sec-fetch-dest":"empty","sec-fetch-mode":"cors","sec-fetch-site":"same-origin","sec-gpc":"1","user-agent":"Mozilla/5.0 (Windows NT 10.0; Win64; x64) AppleWebKit/537.36 (KHTML, like Gecko) Chrome/107.0.0.0 Safari/537.36"},"level":"info","message":"request","operationName":"getAllProducts","query":"query getProductById {\n  singleProduct(id: 5) {\n    id\n    name\n    brand\n    price\n  }\n}\n\nquery getProductsByName {\n  getProductsByName(name: \"nuevo\") {\n    id\n    name\n    brand\n    price\n  }\n}\n\nquery getAllProducts {\n  getAllProducts {\n    id\n    name\n    brand\n    price\n  }\n}\n\nmutation createProduct {\n  createProduct(\n    name: \"plumas y lapices multicolor\"\n    price: 70\n    brand: \"Bic\"\n    stock: 123\n    imageUrl: \"asd\"\n    volume: 123\n    description: \"asdasd\"\n  ) {\n    id\n    name\n    brand\n    price\n  }\n}\n\nmutation deteleProduct {\n  deleteProduct(id: 9) {\n    id\n    name\n    brand\n    price\n  }\n}\n\nmutation updateProduct {\n  updateProduct(\n    id: 3\n    newName: \"Paquete de 10 lapices numero 2\"\n    newPrice: 45\n    newBrand: \"Norma\"\n  ) {\n    id\n    name\n    brand\n    price\n  }\n}\n","variables":{}}
{"level":"info","message":"🚀 GraphQL service ready at http://localhost:5000/graphql"}
{"level":"info","message":"🚀 GraphQL service ready at http://localhost:5000/graphql"}
{"level":"info","message":"🚀 GraphQL service ready at http://localhost:5000/graphql"}
{"header":{"accept":"*/*","accept-encoding":"gzip, deflate, br","accept-language":"es-419,es","authorization":"Bearer eyJhbGciOiJIUzI1NiIsInR5cCI6IkpXVCJ9.eyJpZCI6MywiZW1haWwiOiIxODE3MDMxM0BpdGN1bGlhY2FuLmVkdS5teCIsIm5hbWUiOiJBbmkgVGVjIiwiaWF0IjoxNjcwNDY1OTYxLCJleHAiOjE2NzA1NTIzNjF9.AW8CsdLitVU_JBYLIzKTNgHM7hgX8tQiZO4eNYsF1Kw","connection":"keep-alive","content-length":"939","content-type":"application/json","host":"localhost:5000","origin":"http://localhost:5000","referer":"http://localhost:5000/graphql","sec-fetch-dest":"empty","sec-fetch-mode":"cors","sec-fetch-site":"same-origin","sec-gpc":"1","user-agent":"Mozilla/5.0 (Windows NT 10.0; Win64; x64) AppleWebKit/537.36 (KHTML, like Gecko) Chrome/107.0.0.0 Safari/537.36"},"level":"info","message":"request","operationName":"getProductById","query":"query getProductById {\n  singleProduct(id: 5) {\n    id\n    name\n    brand\n    price\n  }\n}\n\nquery getProductsByName {\n  getProductsByName(name: \"nuevo\") {\n    id\n    name\n    brand\n    price\n  }\n}\n\nquery getAllProducts {\n  getAllProducts {\n    id\n    name\n    brand\n    price\n  }\n}\n\nmutation createProduct {\n  createProduct(\n    name: \"plumas y lapices multicolor\"\n    price: 70\n    brand: \"Bic\"\n    stock: 123\n    imageUrl: \"asd\"\n    volume: 123\n    description: \"asdasd\"\n  ) {\n    id\n    name\n    brand\n    price\n  }\n}\n\nmutation deteleProduct {\n  deleteProduct(id: 9) {\n    id\n    name\n    brand\n    price\n  }\n}\n\nmutation updateProduct {\n  updateProduct(\n    id: 3\n    newName: \"Paquete de 10 lapices numero 2\"\n    newPrice: 45\n    newBrand: \"Norma\"\n  ) {\n    id\n    name\n    brand\n    price\n  }\n}\n","variables":{}}
{"level":"info","message":"🚀 GraphQL service ready at http://localhost:5000/graphql"}
{"header":{"accept":"*/*","accept-encoding":"gzip, deflate, br","accept-language":"es-419,es","authorization":"Bearer eyJhbGciOiJIUzI1NiIsInR5cCI6IkpXVCJ9.eyJpZCI6MywiZW1haWwiOiIxODE3MDMxM0BpdGN1bGlhY2FuLmVkdS5teCIsIm5hbWUiOiJBbmkgVGVjIiwiaWF0IjoxNjcwNDY1OTYxLCJleHAiOjE2NzA1NTIzNjF9.AW8CsdLitVU_JBYLIzKTNgHM7hgX8tQiZO4eNYsF1Kw","connection":"keep-alive","content-length":"939","content-type":"application/json","host":"localhost:5000","origin":"http://localhost:5000","referer":"http://localhost:5000/graphql","sec-fetch-dest":"empty","sec-fetch-mode":"cors","sec-fetch-site":"same-origin","sec-gpc":"1","user-agent":"Mozilla/5.0 (Windows NT 10.0; Win64; x64) AppleWebKit/537.36 (KHTML, like Gecko) Chrome/107.0.0.0 Safari/537.36"},"level":"info","message":"request","operationName":"getProductById","query":"query getProductById {\n  singleProduct(id: 5) {\n    id\n    name\n    brand\n    price\n  }\n}\n\nquery getProductsByName {\n  getProductsByName(name: \"nuevo\") {\n    id\n    name\n    brand\n    price\n  }\n}\n\nquery getAllProducts {\n  getAllProducts {\n    id\n    name\n    brand\n    price\n  }\n}\n\nmutation createProduct {\n  createProduct(\n    name: \"plumas y lapices multicolor\"\n    price: 70\n    brand: \"Bic\"\n    stock: 123\n    imageUrl: \"asd\"\n    volume: 123\n    description: \"asdasd\"\n  ) {\n    id\n    name\n    brand\n    price\n  }\n}\n\nmutation deteleProduct {\n  deleteProduct(id: 9) {\n    id\n    name\n    brand\n    price\n  }\n}\n\nmutation updateProduct {\n  updateProduct(\n    id: 3\n    newName: \"Paquete de 10 lapices numero 2\"\n    newPrice: 45\n    newBrand: \"Norma\"\n  ) {\n    id\n    name\n    brand\n    price\n  }\n}\n","variables":{}}
{"level":"info","message":"🚀 GraphQL service ready at http://localhost:5000/graphql"}
{"header":{"accept":"*/*","accept-encoding":"gzip, deflate, br","accept-language":"es-419,es","authorization":"Bearer eyJhbGciOiJIUzI1NiIsInR5cCI6IkpXVCJ9.eyJpZCI6MywiZW1haWwiOiIxODE3MDMxM0BpdGN1bGlhY2FuLmVkdS5teCIsIm5hbWUiOiJBbmkgVGVjIiwiaWF0IjoxNjcwNDY1OTYxLCJleHAiOjE2NzA1NTIzNjF9.AW8CsdLitVU_JBYLIzKTNgHM7hgX8tQiZO4eNYsF1Kw","connection":"keep-alive","content-length":"939","content-type":"application/json","host":"localhost:5000","origin":"http://localhost:5000","referer":"http://localhost:5000/graphql","sec-fetch-dest":"empty","sec-fetch-mode":"cors","sec-fetch-site":"same-origin","sec-gpc":"1","user-agent":"Mozilla/5.0 (Windows NT 10.0; Win64; x64) AppleWebKit/537.36 (KHTML, like Gecko) Chrome/107.0.0.0 Safari/537.36"},"level":"info","message":"request","operationName":"getProductById","query":"query getProductById {\n  singleProduct(id: 5) {\n    id\n    name\n    brand\n    price\n  }\n}\n\nquery getProductsByName {\n  getProductsByName(name: \"nuevo\") {\n    id\n    name\n    brand\n    price\n  }\n}\n\nquery getAllProducts {\n  getAllProducts {\n    id\n    name\n    brand\n    price\n  }\n}\n\nmutation createProduct {\n  createProduct(\n    name: \"plumas y lapices multicolor\"\n    price: 70\n    brand: \"Bic\"\n    stock: 123\n    imageUrl: \"asd\"\n    volume: 123\n    description: \"asdasd\"\n  ) {\n    id\n    name\n    brand\n    price\n  }\n}\n\nmutation deteleProduct {\n  deleteProduct(id: 9) {\n    id\n    name\n    brand\n    price\n  }\n}\n\nmutation updateProduct {\n  updateProduct(\n    id: 3\n    newName: \"Paquete de 10 lapices numero 2\"\n    newPrice: 45\n    newBrand: \"Norma\"\n  ) {\n    id\n    name\n    brand\n    price\n  }\n}\n","variables":{}}
{"level":"info","message":"🚀 GraphQL service ready at http://localhost:5000/graphql"}
{"header":{"accept":"*/*","accept-encoding":"gzip, deflate, br","accept-language":"es-419,es","authorization":"Bearer eyJhbGciOiJIUzI1NiIsInR5cCI6IkpXVCJ9.eyJpZCI6MywiZW1haWwiOiIxODE3MDMxM0BpdGN1bGlhY2FuLmVkdS5teCIsIm5hbWUiOiJBbmkgVGVjIiwiaWF0IjoxNjcwNDY1OTYxLCJleHAiOjE2NzA1NTIzNjF9.AW8CsdLitVU_JBYLIzKTNgHM7hgX8tQiZO4eNYsF1Kw","connection":"keep-alive","content-length":"939","content-type":"application/json","host":"localhost:5000","origin":"http://localhost:5000","referer":"http://localhost:5000/graphql","sec-fetch-dest":"empty","sec-fetch-mode":"cors","sec-fetch-site":"same-origin","sec-gpc":"1","user-agent":"Mozilla/5.0 (Windows NT 10.0; Win64; x64) AppleWebKit/537.36 (KHTML, like Gecko) Chrome/107.0.0.0 Safari/537.36"},"level":"info","message":"request","operationName":"getProductById","query":"query getProductById {\n  singleProduct(id: 5) {\n    id\n    name\n    brand\n    price\n  }\n}\n\nquery getProductsByName {\n  getProductsByName(name: \"nuevo\") {\n    id\n    name\n    brand\n    price\n  }\n}\n\nquery getAllProducts {\n  getAllProducts {\n    id\n    name\n    brand\n    price\n  }\n}\n\nmutation createProduct {\n  createProduct(\n    name: \"plumas y lapices multicolor\"\n    price: 70\n    brand: \"Bic\"\n    stock: 123\n    imageUrl: \"asd\"\n    volume: 123\n    description: \"asdasd\"\n  ) {\n    id\n    name\n    brand\n    price\n  }\n}\n\nmutation deteleProduct {\n  deleteProduct(id: 9) {\n    id\n    name\n    brand\n    price\n  }\n}\n\nmutation updateProduct {\n  updateProduct(\n    id: 3\n    newName: \"Paquete de 10 lapices numero 2\"\n    newPrice: 45\n    newBrand: \"Norma\"\n  ) {\n    id\n    name\n    brand\n    price\n  }\n}\n","variables":{}}
{"header":{"accept":"*/*","accept-encoding":"gzip, deflate, br","accept-language":"es-419,es","authorization":"Bearer eyJhbGciOiJIUzI1NiIsInR5cCI6IkpXVCJ9.eyJpZCI6MywiZW1haWwiOiIxODE3MDMxM0BpdGN1bGlhY2FuLmVkdS5teCIsIm5hbWUiOiJBbmkgVGVjIiwiaWF0IjoxNjcwNDY1OTYxLCJleHAiOjE2NzA1NTIzNjF9.AW8CsdLitVU_JBYLIzKTNgHM7hgX8tQiZO4eNYsF1Kw","connection":"keep-alive","content-length":"939","content-type":"application/json","host":"localhost:5000","origin":"http://localhost:5000","referer":"http://localhost:5000/graphql","sec-fetch-dest":"empty","sec-fetch-mode":"cors","sec-fetch-site":"same-origin","sec-gpc":"1","user-agent":"Mozilla/5.0 (Windows NT 10.0; Win64; x64) AppleWebKit/537.36 (KHTML, like Gecko) Chrome/107.0.0.0 Safari/537.36"},"level":"info","message":"request","operationName":"getProductById","query":"query getProductById {\n  singleProduct(id: 5) {\n    id\n    name\n    brand\n    price\n  }\n}\n\nquery getProductsByName {\n  getProductsByName(name: \"nuevo\") {\n    id\n    name\n    brand\n    price\n  }\n}\n\nquery getAllProducts {\n  getAllProducts {\n    id\n    name\n    brand\n    price\n  }\n}\n\nmutation createProduct {\n  createProduct(\n    name: \"plumas y lapices multicolor\"\n    price: 70\n    brand: \"Bic\"\n    stock: 123\n    imageUrl: \"asd\"\n    volume: 123\n    description: \"asdasd\"\n  ) {\n    id\n    name\n    brand\n    price\n  }\n}\n\nmutation deteleProduct {\n  deleteProduct(id: 9) {\n    id\n    name\n    brand\n    price\n  }\n}\n\nmutation updateProduct {\n  updateProduct(\n    id: 3\n    newName: \"Paquete de 10 lapices numero 2\"\n    newPrice: 45\n    newBrand: \"Norma\"\n  ) {\n    id\n    name\n    brand\n    price\n  }\n}\n","variables":{}}
{"level":"info","message":"🚀 GraphQL service ready at http://localhost:5000/graphql"}
{"header":{"accept":"*/*","accept-encoding":"gzip, deflate, br","accept-language":"es-419,es","authorization":"Bearer eyJhbGciOiJIUzI1NiIsInR5cCI6IkpXVCJ9.eyJpZCI6MywiZW1haWwiOiIxODE3MDMxM0BpdGN1bGlhY2FuLmVkdS5teCIsIm5hbWUiOiJBbmkgVGVjIiwiaWF0IjoxNjcwNDY1OTYxLCJleHAiOjE2NzA1NTIzNjF9.AW8CsdLitVU_JBYLIzKTNgHM7hgX8tQiZO4eNYsF1Kw","connection":"keep-alive","content-length":"939","content-type":"application/json","host":"localhost:5000","origin":"http://localhost:5000","referer":"http://localhost:5000/graphql","sec-fetch-dest":"empty","sec-fetch-mode":"cors","sec-fetch-site":"same-origin","sec-gpc":"1","user-agent":"Mozilla/5.0 (Windows NT 10.0; Win64; x64) AppleWebKit/537.36 (KHTML, like Gecko) Chrome/107.0.0.0 Safari/537.36"},"level":"info","message":"request","operationName":"getProductById","query":"query getProductById {\n  singleProduct(id: 5) {\n    id\n    name\n    brand\n    price\n  }\n}\n\nquery getProductsByName {\n  getProductsByName(name: \"nuevo\") {\n    id\n    name\n    brand\n    price\n  }\n}\n\nquery getAllProducts {\n  getAllProducts {\n    id\n    name\n    brand\n    price\n  }\n}\n\nmutation createProduct {\n  createProduct(\n    name: \"plumas y lapices multicolor\"\n    price: 70\n    brand: \"Bic\"\n    stock: 123\n    imageUrl: \"asd\"\n    volume: 123\n    description: \"asdasd\"\n  ) {\n    id\n    name\n    brand\n    price\n  }\n}\n\nmutation deteleProduct {\n  deleteProduct(id: 9) {\n    id\n    name\n    brand\n    price\n  }\n}\n\nmutation updateProduct {\n  updateProduct(\n    id: 3\n    newName: \"Paquete de 10 lapices numero 2\"\n    newPrice: 45\n    newBrand: \"Norma\"\n  ) {\n    id\n    name\n    brand\n    price\n  }\n}\n","variables":{}}
{"level":"info","message":"🚀 GraphQL service ready at http://localhost:5000/graphql"}
{"header":{"accept":"*/*","accept-encoding":"gzip, deflate, br","accept-language":"es-419,es","authorization":"Bearer eyJhbGciOiJIUzI1NiIsInR5cCI6IkpXVCJ9.eyJpZCI6MywiZW1haWwiOiIxODE3MDMxM0BpdGN1bGlhY2FuLmVkdS5teCIsIm5hbWUiOiJBbmkgVGVjIiwiaWF0IjoxNjcwNDY1OTYxLCJleHAiOjE2NzA1NTIzNjF9.AW8CsdLitVU_JBYLIzKTNgHM7hgX8tQiZO4eNYsF1Kw","connection":"keep-alive","content-length":"939","content-type":"application/json","host":"localhost:5000","origin":"http://localhost:5000","referer":"http://localhost:5000/graphql","sec-fetch-dest":"empty","sec-fetch-mode":"cors","sec-fetch-site":"same-origin","sec-gpc":"1","user-agent":"Mozilla/5.0 (Windows NT 10.0; Win64; x64) AppleWebKit/537.36 (KHTML, like Gecko) Chrome/107.0.0.0 Safari/537.36"},"level":"info","message":"request","operationName":"getProductById","query":"query getProductById {\n  singleProduct(id: 5) {\n    id\n    name\n    brand\n    price\n  }\n}\n\nquery getProductsByName {\n  getProductsByName(name: \"nuevo\") {\n    id\n    name\n    brand\n    price\n  }\n}\n\nquery getAllProducts {\n  getAllProducts {\n    id\n    name\n    brand\n    price\n  }\n}\n\nmutation createProduct {\n  createProduct(\n    name: \"plumas y lapices multicolor\"\n    price: 70\n    brand: \"Bic\"\n    stock: 123\n    imageUrl: \"asd\"\n    volume: 123\n    description: \"asdasd\"\n  ) {\n    id\n    name\n    brand\n    price\n  }\n}\n\nmutation deteleProduct {\n  deleteProduct(id: 9) {\n    id\n    name\n    brand\n    price\n  }\n}\n\nmutation updateProduct {\n  updateProduct(\n    id: 3\n    newName: \"Paquete de 10 lapices numero 2\"\n    newPrice: 45\n    newBrand: \"Norma\"\n  ) {\n    id\n    name\n    brand\n    price\n  }\n}\n","variables":{}}
{"level":"info","message":"🚀 GraphQL service ready at http://localhost:5000/graphql"}
{"level":"info","message":"🚀 GraphQL service ready at http://localhost:5000/graphql"}
{"header":{"accept":"*/*","accept-encoding":"gzip, deflate, br","accept-language":"es-419,es","authorization":"Bearer eyJhbGciOiJIUzI1NiIsInR5cCI6IkpXVCJ9.eyJpZCI6MywiZW1haWwiOiIxODE3MDMxM0BpdGN1bGlhY2FuLmVkdS5teCIsIm5hbWUiOiJBbmkgVGVjIiwiaWF0IjoxNjcwNDY1OTYxLCJleHAiOjE2NzA1NTIzNjF9.AW8CsdLitVU_JBYLIzKTNgHM7hgX8tQiZO4eNYsF1Kw","connection":"keep-alive","content-length":"939","content-type":"application/json","host":"localhost:5000","origin":"http://localhost:5000","referer":"http://localhost:5000/graphql","sec-fetch-dest":"empty","sec-fetch-mode":"cors","sec-fetch-site":"same-origin","sec-gpc":"1","user-agent":"Mozilla/5.0 (Windows NT 10.0; Win64; x64) AppleWebKit/537.36 (KHTML, like Gecko) Chrome/107.0.0.0 Safari/537.36"},"level":"info","message":"request","operationName":"getProductById","query":"query getProductById {\n  singleProduct(id: 5) {\n    id\n    name\n    brand\n    price\n  }\n}\n\nquery getProductsByName {\n  getProductsByName(name: \"nuevo\") {\n    id\n    name\n    brand\n    price\n  }\n}\n\nquery getAllProducts {\n  getAllProducts {\n    id\n    name\n    brand\n    price\n  }\n}\n\nmutation createProduct {\n  createProduct(\n    name: \"plumas y lapices multicolor\"\n    price: 70\n    brand: \"Bic\"\n    stock: 123\n    imageUrl: \"asd\"\n    volume: 123\n    description: \"asdasd\"\n  ) {\n    id\n    name\n    brand\n    price\n  }\n}\n\nmutation deteleProduct {\n  deleteProduct(id: 9) {\n    id\n    name\n    brand\n    price\n  }\n}\n\nmutation updateProduct {\n  updateProduct(\n    id: 3\n    newName: \"Paquete de 10 lapices numero 2\"\n    newPrice: 45\n    newBrand: \"Norma\"\n  ) {\n    id\n    name\n    brand\n    price\n  }\n}\n","variables":{}}
{"header":{"accept":"*/*","accept-encoding":"gzip, deflate, br","accept-language":"es-419,es","authorization":"Bearer eyJhbGciOiJIUzI1NiIsInR5cCI6IkpXVCJ9.eyJpZCI6MywiZW1haWwiOiIxODE3MDMxM0BpdGN1bGlhY2FuLmVkdS5teCIsIm5hbWUiOiJBbmkgVGVjIiwiaWF0IjoxNjcwNDY1OTYxLCJleHAiOjE2NzA1NTIzNjF9.AW8CsdLitVU_JBYLIzKTNgHM7hgX8tQiZO4eNYsF1Kw","connection":"keep-alive","content-length":"993","content-type":"application/json","host":"localhost:5000","origin":"http://localhost:5000","referer":"http://localhost:5000/graphql","sec-fetch-dest":"empty","sec-fetch-mode":"cors","sec-fetch-site":"same-origin","sec-gpc":"1","user-agent":"Mozilla/5.0 (Windows NT 10.0; Win64; x64) AppleWebKit/537.36 (KHTML, like Gecko) Chrome/107.0.0.0 Safari/537.36"},"level":"info","message":"request","operationName":"getProductById","query":"query getProductById {\n  singleProduct(id: 5) {\n    id\n    name\n    brand\n    price\n    stock\n    volume\n    imageUrl\n    description\n  }\n}\n\nquery getProductsByName {\n  getProductsByName(name: \"nuevo\") {\n    id\n    name\n    brand\n    price\n  }\n}\n\nquery getAllProducts {\n  getAllProducts {\n    id\n    name\n    brand\n    price\n  }\n}\n\nmutation createProduct {\n  createProduct(\n    name: \"plumas y lapices multicolor\"\n    price: 70\n    brand: \"Bic\"\n    stock: 123\n    imageUrl: \"asd\"\n    volume: 123\n    description: \"asdasd\"\n  ) {\n    id\n    name\n    brand\n    price\n  }\n}\n\nmutation deteleProduct {\n  deleteProduct(id: 9) {\n    id\n    name\n    brand\n    price\n  }\n}\n\nmutation updateProduct {\n  updateProduct(\n    id: 3\n    newName: \"Paquete de 10 lapices numero 2\"\n    newPrice: 45\n    newBrand: \"Norma\"\n  ) {\n    id\n    name\n    brand\n    price\n  }\n}\n","variables":{}}
{"level":"info","message":"🚀 GraphQL service ready at http://localhost:5000/graphql"}
{"header":{"accept":"*/*","accept-encoding":"gzip, deflate, br","accept-language":"es-419,es","authorization":"Bearer eyJhbGciOiJIUzI1NiIsInR5cCI6IkpXVCJ9.eyJpZCI6MywiZW1haWwiOiIxODE3MDMxM0BpdGN1bGlhY2FuLmVkdS5teCIsIm5hbWUiOiJBbmkgVGVjIiwiaWF0IjoxNjcwNDY1OTYxLCJleHAiOjE2NzA1NTIzNjF9.AW8CsdLitVU_JBYLIzKTNgHM7hgX8tQiZO4eNYsF1Kw","connection":"keep-alive","content-length":"993","content-type":"application/json","host":"localhost:5000","origin":"http://localhost:5000","referer":"http://localhost:5000/graphql","sec-fetch-dest":"empty","sec-fetch-mode":"cors","sec-fetch-site":"same-origin","sec-gpc":"1","user-agent":"Mozilla/5.0 (Windows NT 10.0; Win64; x64) AppleWebKit/537.36 (KHTML, like Gecko) Chrome/107.0.0.0 Safari/537.36"},"level":"info","message":"request","operationName":"getProductById","query":"query getProductById {\n  singleProduct(id: 5) {\n    id\n    name\n    brand\n    price\n    stock\n    volume\n    imageUrl\n    description\n  }\n}\n\nquery getProductsByName {\n  getProductsByName(name: \"nuevo\") {\n    id\n    name\n    brand\n    price\n  }\n}\n\nquery getAllProducts {\n  getAllProducts {\n    id\n    name\n    brand\n    price\n  }\n}\n\nmutation createProduct {\n  createProduct(\n    name: \"plumas y lapices multicolor\"\n    price: 70\n    brand: \"Bic\"\n    stock: 123\n    imageUrl: \"asd\"\n    volume: 123\n    description: \"asdasd\"\n  ) {\n    id\n    name\n    brand\n    price\n  }\n}\n\nmutation deteleProduct {\n  deleteProduct(id: 9) {\n    id\n    name\n    brand\n    price\n  }\n}\n\nmutation updateProduct {\n  updateProduct(\n    id: 3\n    newName: \"Paquete de 10 lapices numero 2\"\n    newPrice: 45\n    newBrand: \"Norma\"\n  ) {\n    id\n    name\n    brand\n    price\n  }\n}\n","variables":{}}
{"header":{"accept":"*/*","accept-encoding":"gzip, deflate, br","accept-language":"es-419,es","authorization":"Bearer eyJhbGciOiJIUzI1NiIsInR5cCI6IkpXVCJ9.eyJpZCI6MywiZW1haWwiOiIxODE3MDMxM0BpdGN1bGlhY2FuLmVkdS5teCIsIm5hbWUiOiJBbmkgVGVjIiwiaWF0IjoxNjcwNDY1OTYxLCJleHAiOjE2NzA1NTIzNjF9.AW8CsdLitVU_JBYLIzKTNgHM7hgX8tQiZO4eNYsF1Kw","connection":"keep-alive","content-length":"993","content-type":"application/json","host":"localhost:5000","origin":"http://localhost:5000","referer":"http://localhost:5000/graphql","sec-fetch-dest":"empty","sec-fetch-mode":"cors","sec-fetch-site":"same-origin","sec-gpc":"1","user-agent":"Mozilla/5.0 (Windows NT 10.0; Win64; x64) AppleWebKit/537.36 (KHTML, like Gecko) Chrome/107.0.0.0 Safari/537.36"},"level":"info","message":"request","operationName":"getProductById","query":"query getProductById {\n  singleProduct(id: 1) {\n    id\n    name\n    brand\n    price\n    stock\n    volume\n    imageUrl\n    description\n  }\n}\n\nquery getProductsByName {\n  getProductsByName(name: \"nuevo\") {\n    id\n    name\n    brand\n    price\n  }\n}\n\nquery getAllProducts {\n  getAllProducts {\n    id\n    name\n    brand\n    price\n  }\n}\n\nmutation createProduct {\n  createProduct(\n    name: \"plumas y lapices multicolor\"\n    price: 70\n    brand: \"Bic\"\n    stock: 123\n    imageUrl: \"asd\"\n    volume: 123\n    description: \"asdasd\"\n  ) {\n    id\n    name\n    brand\n    price\n  }\n}\n\nmutation deteleProduct {\n  deleteProduct(id: 9) {\n    id\n    name\n    brand\n    price\n  }\n}\n\nmutation updateProduct {\n  updateProduct(\n    id: 3\n    newName: \"Paquete de 10 lapices numero 2\"\n    newPrice: 45\n    newBrand: \"Norma\"\n  ) {\n    id\n    name\n    brand\n    price\n  }\n}\n","variables":{}}
{"header":{"accept":"*/*","accept-encoding":"gzip, deflate, br","accept-language":"es-419,es","authorization":"Bearer eyJhbGciOiJIUzI1NiIsInR5cCI6IkpXVCJ9.eyJpZCI6MywiZW1haWwiOiIxODE3MDMxM0BpdGN1bGlhY2FuLmVkdS5teCIsIm5hbWUiOiJBbmkgVGVjIiwiaWF0IjoxNjcwNDY1OTYxLCJleHAiOjE2NzA1NTIzNjF9.AW8CsdLitVU_JBYLIzKTNgHM7hgX8tQiZO4eNYsF1Kw","connection":"keep-alive","content-length":"996","content-type":"application/json","host":"localhost:5000","origin":"http://localhost:5000","referer":"http://localhost:5000/graphql","sec-fetch-dest":"empty","sec-fetch-mode":"cors","sec-fetch-site":"same-origin","sec-gpc":"1","user-agent":"Mozilla/5.0 (Windows NT 10.0; Win64; x64) AppleWebKit/537.36 (KHTML, like Gecko) Chrome/107.0.0.0 Safari/537.36"},"level":"info","message":"request","operationName":"getProductsByName","query":"query getProductById {\n  singleProduct(id: 1) {\n    id\n    name\n    brand\n    price\n    stock\n    volume\n    imageUrl\n    description\n  }\n}\n\nquery getProductsByName {\n  getProductsByName(name: \"nuevo\") {\n    id\n    name\n    brand\n    price\n  }\n}\n\nquery getAllProducts {\n  getAllProducts {\n    id\n    name\n    brand\n    price\n  }\n}\n\nmutation createProduct {\n  createProduct(\n    name: \"plumas y lapices multicolor\"\n    price: 70\n    brand: \"Bic\"\n    stock: 123\n    imageUrl: \"asd\"\n    volume: 123\n    description: \"asdasd\"\n  ) {\n    id\n    name\n    brand\n    price\n  }\n}\n\nmutation deteleProduct {\n  deleteProduct(id: 9) {\n    id\n    name\n    brand\n    price\n  }\n}\n\nmutation updateProduct {\n  updateProduct(\n    id: 3\n    newName: \"Paquete de 10 lapices numero 2\"\n    newPrice: 45\n    newBrand: \"Norma\"\n  ) {\n    id\n    name\n    brand\n    price\n  }\n}\n","variables":{}}
{"header":{"accept":"*/*","accept-encoding":"gzip, deflate, br","accept-language":"es-419,es","authorization":"Bearer eyJhbGciOiJIUzI1NiIsInR5cCI6IkpXVCJ9.eyJpZCI6MywiZW1haWwiOiIxODE3MDMxM0BpdGN1bGlhY2FuLmVkdS5teCIsIm5hbWUiOiJBbmkgVGVjIiwiaWF0IjoxNjcwNDY1OTYxLCJleHAiOjE2NzA1NTIzNjF9.AW8CsdLitVU_JBYLIzKTNgHM7hgX8tQiZO4eNYsF1Kw","connection":"keep-alive","content-length":"996","content-type":"application/json","host":"localhost:5000","origin":"http://localhost:5000","referer":"http://localhost:5000/graphql","sec-fetch-dest":"empty","sec-fetch-mode":"cors","sec-fetch-site":"same-origin","sec-gpc":"1","user-agent":"Mozilla/5.0 (Windows NT 10.0; Win64; x64) AppleWebKit/537.36 (KHTML, like Gecko) Chrome/107.0.0.0 Safari/537.36"},"level":"info","message":"request","operationName":"getProductsByName","query":"query getProductById {\n  singleProduct(id: 1) {\n    id\n    name\n    brand\n    price\n    stock\n    volume\n    imageUrl\n    description\n  }\n}\n\nquery getProductsByName {\n  getProductsByName(name: \"Lapiz\") {\n    id\n    name\n    brand\n    price\n  }\n}\n\nquery getAllProducts {\n  getAllProducts {\n    id\n    name\n    brand\n    price\n  }\n}\n\nmutation createProduct {\n  createProduct(\n    name: \"plumas y lapices multicolor\"\n    price: 70\n    brand: \"Bic\"\n    stock: 123\n    imageUrl: \"asd\"\n    volume: 123\n    description: \"asdasd\"\n  ) {\n    id\n    name\n    brand\n    price\n  }\n}\n\nmutation deteleProduct {\n  deleteProduct(id: 9) {\n    id\n    name\n    brand\n    price\n  }\n}\n\nmutation updateProduct {\n  updateProduct(\n    id: 3\n    newName: \"Paquete de 10 lapices numero 2\"\n    newPrice: 45\n    newBrand: \"Norma\"\n  ) {\n    id\n    name\n    brand\n    price\n  }\n}\n","variables":{}}
{"header":{"accept":"*/*","accept-encoding":"gzip, deflate, br","accept-language":"es-419,es","authorization":"Bearer eyJhbGciOiJIUzI1NiIsInR5cCI6IkpXVCJ9.eyJpZCI6MywiZW1haWwiOiIxODE3MDMxM0BpdGN1bGlhY2FuLmVkdS5teCIsIm5hbWUiOiJBbmkgVGVjIiwiaWF0IjoxNjcwNDY1OTYxLCJleHAiOjE2NzA1NTIzNjF9.AW8CsdLitVU_JBYLIzKTNgHM7hgX8tQiZO4eNYsF1Kw","connection":"keep-alive","content-length":"1010","content-type":"application/json","host":"localhost:5000","origin":"http://localhost:5000","referer":"http://localhost:5000/graphql","sec-fetch-dest":"empty","sec-fetch-mode":"cors","sec-fetch-site":"same-origin","sec-gpc":"1","user-agent":"Mozilla/5.0 (Windows NT 10.0; Win64; x64) AppleWebKit/537.36 (KHTML, like Gecko) Chrome/107.0.0.0 Safari/537.36"},"level":"info","message":"request","operationName":"getProductsByName","query":"query getProductById {\n  singleProduct(id: 1) {\n    id\n    name\n    brand\n    price\n    stock\n    volume\n    imageUrl\n    description\n  }\n}\n\nquery getProductsByName {\n  getProductsByName(name: \"Lapiz\") {\n    id\n    name\n    brand\n    price\n    imageUrl\n  }\n}\n\nquery getAllProducts {\n  getAllProducts {\n    id\n    name\n    brand\n    price\n  }\n}\n\nmutation createProduct {\n  createProduct(\n    name: \"plumas y lapices multicolor\"\n    price: 70\n    brand: \"Bic\"\n    stock: 123\n    imageUrl: \"asd\"\n    volume: 123\n    description: \"asdasd\"\n  ) {\n    id\n    name\n    brand\n    price\n  }\n}\n\nmutation deteleProduct {\n  deleteProduct(id: 9) {\n    id\n    name\n    brand\n    price\n  }\n}\n\nmutation updateProduct {\n  updateProduct(\n    id: 3\n    newName: \"Paquete de 10 lapices numero 2\"\n    newPrice: 45\n    newBrand: \"Norma\"\n  ) {\n    id\n    name\n    brand\n    price\n  }\n}\n","variables":{}}
{"level":"info","message":"🚀 GraphQL service ready at http://localhost:5000/graphql"}
{"level":"info","message":"🚀 GraphQL service ready at http://localhost:5000/graphql"}
{"header":{"accept":"*/*","accept-encoding":"gzip, deflate, br","accept-language":"es-419,es","authorization":"Bearer eyJhbGciOiJIUzI1NiIsInR5cCI6IkpXVCJ9.eyJpZCI6MywiZW1haWwiOiIxODE3MDMxM0BpdGN1bGlhY2FuLmVkdS5teCIsIm5hbWUiOiJBbmkgVGVjIiwiaWF0IjoxNjcwNDY1OTYxLCJleHAiOjE2NzA1NTIzNjF9.AW8CsdLitVU_JBYLIzKTNgHM7hgX8tQiZO4eNYsF1Kw","connection":"keep-alive","content-length":"1010","content-type":"application/json","host":"localhost:5000","origin":"http://localhost:5000","referer":"http://localhost:5000/graphql","sec-fetch-dest":"empty","sec-fetch-mode":"cors","sec-fetch-site":"same-origin","sec-gpc":"1","user-agent":"Mozilla/5.0 (Windows NT 10.0; Win64; x64) AppleWebKit/537.36 (KHTML, like Gecko) Chrome/107.0.0.0 Safari/537.36"},"level":"info","message":"request","operationName":"getProductsByName","query":"query getProductById {\n  singleProduct(id: 1) {\n    id\n    name\n    brand\n    price\n    stock\n    volume\n    imageUrl\n    description\n  }\n}\n\nquery getProductsByName {\n  getProductsByName(name: \"Lapiz\") {\n    id\n    name\n    brand\n    price\n    imageUrl\n  }\n}\n\nquery getAllProducts {\n  getAllProducts {\n    id\n    name\n    brand\n    price\n  }\n}\n\nmutation createProduct {\n  createProduct(\n    name: \"plumas y lapices multicolor\"\n    price: 70\n    brand: \"Bic\"\n    stock: 123\n    imageUrl: \"asd\"\n    volume: 123\n    description: \"asdasd\"\n  ) {\n    id\n    name\n    brand\n    price\n  }\n}\n\nmutation deteleProduct {\n  deleteProduct(id: 9) {\n    id\n    name\n    brand\n    price\n  }\n}\n\nmutation updateProduct {\n  updateProduct(\n    id: 3\n    newName: \"Paquete de 10 lapices numero 2\"\n    newPrice: 45\n    newBrand: \"Norma\"\n  ) {\n    id\n    name\n    brand\n    price\n  }\n}\n","variables":{}}
{"header":{"accept":"*/*","accept-encoding":"gzip, deflate, br","accept-language":"es-419,es","authorization":"Bearer eyJhbGciOiJIUzI1NiIsInR5cCI6IkpXVCJ9.eyJpZCI6MywiZW1haWwiOiIxODE3MDMxM0BpdGN1bGlhY2FuLmVkdS5teCIsIm5hbWUiOiJBbmkgVGVjIiwiaWF0IjoxNjcwNDY1OTYxLCJleHAiOjE2NzA1NTIzNjF9.AW8CsdLitVU_JBYLIzKTNgHM7hgX8tQiZO4eNYsF1Kw","connection":"keep-alive","content-length":"1038","content-type":"application/json","host":"localhost:5000","origin":"http://localhost:5000","referer":"http://localhost:5000/graphql","sec-fetch-dest":"empty","sec-fetch-mode":"cors","sec-fetch-site":"same-origin","sec-gpc":"1","user-agent":"Mozilla/5.0 (Windows NT 10.0; Win64; x64) AppleWebKit/537.36 (KHTML, like Gecko) Chrome/107.0.0.0 Safari/537.36"},"level":"info","message":"request","operationName":"getProductsByName","query":"query getProductById {\n  singleProduct(id: 1) {\n    id\n    name\n    brand\n    price\n    stock\n    volume\n    imageUrl\n    description\n  }\n}\n\nquery getProductsByName {\n  getProductsByName(name: \"Lapiz\") {\n    id\n    name\n    brand\n    price\n    imageUrl\n    description\n    stock\n  }\n}\n\nquery getAllProducts {\n  getAllProducts {\n    id\n    name\n    brand\n    price\n  }\n}\n\nmutation createProduct {\n  createProduct(\n    name: \"plumas y lapices multicolor\"\n    price: 70\n    brand: \"Bic\"\n    stock: 123\n    imageUrl: \"asd\"\n    volume: 123\n    description: \"asdasd\"\n  ) {\n    id\n    name\n    brand\n    price\n  }\n}\n\nmutation deteleProduct {\n  deleteProduct(id: 9) {\n    id\n    name\n    brand\n    price\n  }\n}\n\nmutation updateProduct {\n  updateProduct(\n    id: 3\n    newName: \"Paquete de 10 lapices numero 2\"\n    newPrice: 45\n    newBrand: \"Norma\"\n  ) {\n    id\n    name\n    brand\n    price\n  }\n}\n","variables":{}}
{"header":{"accept":"*/*","accept-encoding":"gzip, deflate, br","accept-language":"es-419,es","authorization":"Bearer eyJhbGciOiJIUzI1NiIsInR5cCI6IkpXVCJ9.eyJpZCI6MywiZW1haWwiOiIxODE3MDMxM0BpdGN1bGlhY2FuLmVkdS5teCIsIm5hbWUiOiJBbmkgVGVjIiwiaWF0IjoxNjcwNDY1OTYxLCJleHAiOjE2NzA1NTIzNjF9.AW8CsdLitVU_JBYLIzKTNgHM7hgX8tQiZO4eNYsF1Kw","connection":"keep-alive","content-length":"1035","content-type":"application/json","host":"localhost:5000","origin":"http://localhost:5000","referer":"http://localhost:5000/graphql","sec-fetch-dest":"empty","sec-fetch-mode":"cors","sec-fetch-site":"same-origin","sec-gpc":"1","user-agent":"Mozilla/5.0 (Windows NT 10.0; Win64; x64) AppleWebKit/537.36 (KHTML, like Gecko) Chrome/107.0.0.0 Safari/537.36"},"level":"info","message":"request","operationName":"getProductById","query":"query getProductById {\n  singleProduct(id: 1) {\n    id\n    name\n    brand\n    price\n    stock\n    volume\n    imageUrl\n    description\n  }\n}\n\nquery getProductsByName {\n  getProductsByName(name: \"Lapiz\") {\n    id\n    name\n    brand\n    price\n    imageUrl\n    description\n    stock\n  }\n}\n\nquery getAllProducts {\n  getAllProducts {\n    id\n    name\n    brand\n    price\n  }\n}\n\nmutation createProduct {\n  createProduct(\n    name: \"plumas y lapices multicolor\"\n    price: 70\n    brand: \"Bic\"\n    stock: 123\n    imageUrl: \"asd\"\n    volume: 123\n    description: \"asdasd\"\n  ) {\n    id\n    name\n    brand\n    price\n  }\n}\n\nmutation deteleProduct {\n  deleteProduct(id: 9) {\n    id\n    name\n    brand\n    price\n  }\n}\n\nmutation updateProduct {\n  updateProduct(\n    id: 3\n    newName: \"Paquete de 10 lapices numero 2\"\n    newPrice: 45\n    newBrand: \"Norma\"\n  ) {\n    id\n    name\n    brand\n    price\n  }\n}\n","variables":{}}
{"level":"info","message":"🚀 GraphQL service ready at http://localhost:5000/graphql"}
{"level":"info","message":"🚀 GraphQL service ready at http://localhost:5000/graphql"}
{"level":"info","message":"🚀 GraphQL service ready at http://localhost:5000/graphql"}
{"level":"info","message":"🚀 GraphQL service ready at http://localhost:5000/graphql"}
{"header":{"accept":"*/*","accept-encoding":"gzip, deflate, br","accept-language":"es-419,es","authorization":"Bearer eyJhbGciOiJIUzI1NiIsInR5cCI6IkpXVCJ9.eyJpZCI6MywiZW1haWwiOiIxODE3MDMxM0BpdGN1bGlhY2FuLmVkdS5teCIsIm5hbWUiOiJBbmkgVGVjIiwiaWF0IjoxNjcwNDY1OTYxLCJleHAiOjE2NzA1NTIzNjF9.AW8CsdLitVU_JBYLIzKTNgHM7hgX8tQiZO4eNYsF1Kw","connection":"keep-alive","content-length":"1075","content-type":"application/json","host":"localhost:5000","origin":"http://localhost:5000","referer":"http://localhost:5000/graphql","sec-fetch-dest":"empty","sec-fetch-mode":"cors","sec-fetch-site":"same-origin","sec-gpc":"1","user-agent":"Mozilla/5.0 (Windows NT 10.0; Win64; x64) AppleWebKit/537.36 (KHTML, like Gecko) Chrome/107.0.0.0 Safari/537.36"},"level":"info","message":"request","operationName":"getProductById","query":"query getProductById {\n  singleProduct(product: {id: 3, price: 123, name: \"Lapiz\"}) {\n    id\n    name\n    brand\n    price\n    stock\n    volume\n    imageUrl\n    description\n  }\n}\n\nquery getProductsByName {\n  getProductsByName(name: \"Lapiz\") {\n    id\n    name\n    brand\n    price\n    imageUrl\n    description\n    stock\n  }\n}\n\nquery getAllProducts {\n  getAllProducts {\n    id\n    name\n    brand\n    price\n  }\n}\n\nmutation createProduct {\n  createProduct(\n    name: \"plumas y lapices multicolor\"\n    price: 70\n    brand: \"Bic\"\n    stock: 123\n    imageUrl: \"asd\"\n    volume: 123\n    description: \"asdasd\"\n  ) {\n    id\n    name\n    brand\n    price\n  }\n}\n\nmutation deteleProduct {\n  deleteProduct(id: 9) {\n    id\n    name\n    brand\n    price\n  }\n}\n\nmutation updateProduct {\n  updateProduct(\n    id: 3\n    newName: \"Paquete de 10 lapices numero 2\"\n    newPrice: 45\n    newBrand: \"Norma\"\n  ) {\n    id\n    name\n    brand\n    price\n  }\n}\n","variables":{}}
